0 info it worked if it ends with ok
1 verbose cli [ 'C:\\Program Files (x86)\\nodejs\\node.exe',
1 verbose cli   'C:\\Program Files (x86)\\nodejs\\node_modules\\npm\\bin\\npm-cli.js',
1 verbose cli   'run',
1 verbose cli   'test' ]
2 info using npm@4.1.2
3 info using node@v7.6.0
4 verbose run-script [ 'pretest', 'test', 'posttest' ]
5 info lifecycle phaser-typescript-starter@1.0.0~pretest: phaser-typescript-starter@1.0.0
6 silly lifecycle phaser-typescript-starter@1.0.0~pretest: no script for pretest, continuing
7 info lifecycle phaser-typescript-starter@1.0.0~test: phaser-typescript-starter@1.0.0
8 verbose lifecycle phaser-typescript-starter@1.0.0~test: unsafe-perm in lifecycle true
9 verbose lifecycle phaser-typescript-starter@1.0.0~test: PATH: C:\Program Files (x86)\nodejs\node_modules\npm\bin\node-gyp-bin;D:\PROJEKTY\__JAMS__\ludum-dare-38\node_modules\.bin;C:\Program Files\Git\mingw64\bin;C:\Program Files\Git\usr\bin;C:\Users\Marek\bin;C:\Python34;C:\Python34\Scripts;C:\ProgramData\Oracle\Java\javapath;C:\Windows\system32;C:\Windows;C:\Windows\System32\Wbem;C:\Windows\System32\WindowsPowerShell\v1.0;C:\Program Files (x86)\ATI Technologies\ATI.ACE\Core-Static;C:\Program Files\MongoDB 2.6 Standard\bin;C:\Program Files\Microsoft SQL Server\110\Tools\Binn;C:\Program Files\Microsoft SQL Server\120\Tools\Binn;C:\WINDOWS\system32;C:\WINDOWS;C:\WINDOWS\System32\Wbem;C:\WINDOWS\System32\WindowsPowerShell\v1.0;C:\Users\Marek\.dnx\bin;C:\Program Files\Microsoft DNX\Dnvm;C:\Program Files (x86)\Windows Kits\10\Windows Performance Toolkit;C:\Program Files (x86)\GtkSharp\2.12\bin;C:\Program Files\Emscripten\emscripten\1.35.0;C:\Program Files\Emscripten;C:\Program Files\Emscripten\clang\e1.35.0_64bit;C:\Program Files\Emscripten\node\0.12.2_64bit;C:\Program Files\Emscripten\python\2.7.5.3_64bit;C:\Program Files\Emscripten\java\7.45_64bit\bin;C:\Program Files\Emscripten\crunch\1.03;C:\Program Files\Emscripten\mingw\4.6.2_32bit;C:\Program Files (x86)\Skype\Phone;C:\Program Files (x86)\NVIDIA Corporation\PhysX\Common;C:\WINDOWS\system32;C:\WINDOWS;C:\WINDOWS\System32\Wbem;C:\WINDOWS\System32\WindowsPowerShell\v1.0;C:\Program Files (x86)\nodejs;C:\Program Files\TortoiseGit\bin;C:\Program Files\Git\cmd;C:\Users\Marek\AppData\Local\Microsoft\WindowsApps;C:\Users\Marek\AppData\Roaming\npm;C:\Program Files (x86)\Microsoft VS Code\bin
10 verbose lifecycle phaser-typescript-starter@1.0.0~test: CWD: D:\PROJEKTY\__JAMS__\ludum-dare-38
11 silly lifecycle phaser-typescript-starter@1.0.0~test: Args: [ '/d /s /c', 'jest --notify --config=jest.conf.json' ]
12 silly lifecycle phaser-typescript-starter@1.0.0~test: Returned: code: 1  signal: null
13 info lifecycle phaser-typescript-starter@1.0.0~test: Failed to exec test script
14 verbose stack Error: phaser-typescript-starter@1.0.0 test: `jest --notify --config=jest.conf.json`
14 verbose stack Exit status 1
14 verbose stack     at EventEmitter.<anonymous> (C:\Program Files (x86)\nodejs\node_modules\npm\lib\utils\lifecycle.js:279:16)
14 verbose stack     at emitTwo (events.js:106:13)
14 verbose stack     at EventEmitter.emit (events.js:192:7)
14 verbose stack     at ChildProcess.<anonymous> (C:\Program Files (x86)\nodejs\node_modules\npm\lib\utils\spawn.js:40:14)
14 verbose stack     at emitTwo (events.js:106:13)
14 verbose stack     at ChildProcess.emit (events.js:192:7)
14 verbose stack     at maybeClose (internal/child_process.js:890:16)
14 verbose stack     at Process.ChildProcess._handle.onexit (internal/child_process.js:226:5)
15 verbose pkgid phaser-typescript-starter@1.0.0
16 verbose cwd D:\PROJEKTY\__JAMS__\ludum-dare-38
17 error Windows_NT 10.0.14393
18 error argv "C:\\Program Files (x86)\\nodejs\\node.exe" "C:\\Program Files (x86)\\nodejs\\node_modules\\npm\\bin\\npm-cli.js" "run" "test"
19 error node v7.6.0
20 error npm  v4.1.2
21 error code ELIFECYCLE
22 error phaser-typescript-starter@1.0.0 test: `jest --notify --config=jest.conf.json`
22 error Exit status 1
23 error Failed at the phaser-typescript-starter@1.0.0 test script 'jest --notify --config=jest.conf.json'.
23 error Make sure you have the latest version of node.js and npm installed.
23 error If you do, this is most likely a problem with the phaser-typescript-starter package,
23 error not with npm itself.
23 error Tell the author that this fails on your system:
23 error     jest --notify --config=jest.conf.json
23 error You can get information on how to open an issue for this project with:
23 error     npm bugs phaser-typescript-starter
23 error Or if that isn't available, you can get their info via:
23 error     npm owner ls phaser-typescript-starter
23 error There is likely additional logging output above.
24 verbose exit [ 1, true ]
